Обработка представления "Index"
Обработка представления "Posts"
Обработка представления "ContactView"
Обработка представления "AnimeView"
Обработка представления "UserProfileView"
Обработка представления "UserEditProfileView"
Обработка представления "UserProfileView"
Watching for file changes with StatReloader
Обработка представления "Index"
/home/marselle/Asorti/RestFramework/MySiteRestApi/MySiteRestApi/settings.py changed, reloading.
Watching for file changes with StatReloader
Обработка представления "Posts"
Обработка представления "AnimeView"
Watching for file changes with StatReloader
Watching for file changes with StatReloader
Обработка представления "Index"
Not Found: /favicon.ico
Not Found: /favicon.ico
/home/marselle/Asorti/RestFramework/MySiteRestApi/grapheneapi/schema.py changed, reloading.
Watching for file changes with StatReloader
/home/marselle/Asorti/RestFramework/MySiteRestApi/grapheneapi/schema.py changed, reloading.
Watching for file changes with StatReloader
/home/marselle/Asorti/RestFramework/MySiteRestApi/grapheneapi/schema.py changed, reloading.
Watching for file changes with StatReloader
/home/marselle/Asorti/RestFramework/MySiteRestApi/grapheneapi/schema.py changed, reloading.
Watching for file changes with StatReloader
/home/marselle/Asorti/RestFramework/MySiteRestApi/grapheneapi/schema.py changed, reloading.
Watching for file changes with StatReloader
/home/marselle/Asorti/RestFramework/MySiteRestApi/grapheneapi/schema.py changed, reloading.
Watching for file changes with StatReloader
/home/marselle/Asorti/RestFramework/MySiteRestApi/grapheneapi/schema.py changed, reloading.
Watching for file changes with StatReloader
/home/marselle/Asorti/RestFramework/MySiteRestApi/grapheneapi/schema.py changed, reloading.
Watching for file changes with StatReloader
/home/marselle/Asorti/RestFramework/MySiteRestApi/grapheneapi/schema.py changed, reloading.
Watching for file changes with StatReloader
/home/marselle/Asorti/RestFramework/MySiteRestApi/grapheneapi/schema.py changed, reloading.
Watching for file changes with StatReloader
/home/marselle/Asorti/RestFramework/MySiteRestApi/grapheneapi/schema.py changed, reloading.
Watching for file changes with StatReloader
/home/marselle/Asorti/RestFramework/MySiteRestApi/grapheneapi/schema.py changed, reloading.
Watching for file changes with StatReloader
Watching for file changes with StatReloader
/home/marselle/Asorti/RestFramework/MySiteRestApi/grapheneapi/schema.py changed, reloading.
Watching for file changes with StatReloader
/home/marselle/Asorti/RestFramework/MySiteRestApi/grapheneapi/urls.py changed, reloading.
Watching for file changes with StatReloader
/home/marselle/Asorti/RestFramework/MySiteRestApi/grapheneapi/urls.py changed, reloading.
Watching for file changes with StatReloader
Обработка представления "Index"
Not Found: /accounts/login/
Not Found: /signin/
Not Found: /signin/
Not Found: /signin/
Watching for file changes with StatReloader
Not Found: /signin/
Обработка представления "Index"
Обработка представления "SignInUserView"
Обработка представления "SignInUserView"
Обработка представления "Index"
Not Found: /accounts/login/
Not Found: /accounts/login/
Обработка представления "Index"
/home/marselle/Asorti/RestFramework/MySiteRestApi/grapheneapi/urls.py changed, reloading.
Watching for file changes with StatReloader
Обработка представления "Index"
Обработка представления "Index"
Обработка представления "Index"
Обработка представления "SignInUserView"
Обработка представления "SignInUserView"
Обработка представления "Index"
Обработка представления "SignInUserView"
Обработка представления "SignInUserView"
Обработка представления "Index"
Обработка представления "UserProfileView"
Обработка представления "UserEditProfileView"
Обработка представления "UserProfileView"
Обработка представления "UserEditProfileView"
Обработка представления "UserEditProfileView"
Обработка представления "UserProfileView"
Обработка представления "Index"
Watching for file changes with StatReloader
Обработка представления "Index"
Обработка представления "SignInUserView"
Обработка представления "SignInUserView"
Обработка представления "SignInUserView"
Обработка представления "Index"
Not Found: /favicon.ico
/home/marselle/Asorti/RestFramework/MySiteRestApi/restapi/views.py changed, reloading.
Watching for file changes with StatReloader
/home/marselle/Asorti/RestFramework/MySiteRestApi/restapi/views.py changed, reloading.
Watching for file changes with StatReloader
Not Found: /api/category/Anime/
/home/marselle/Asorti/RestFramework/MySiteRestApi/restapi/views.py changed, reloading.
Watching for file changes with StatReloader
/home/marselle/Asorti/RestFramework/MySiteRestApi/restapi/views.py changed, reloading.
Watching for file changes with StatReloader
/home/marselle/Asorti/RestFramework/MySiteRestApi/restapi/views.py changed, reloading.
Watching for file changes with StatReloader
Not Found: /api/category/Anime/
Not Found: /api/category/name=Anime1/
/home/marselle/Asorti/RestFramework/MySiteRestApi/restapi/views.py changed, reloading.
Watching for file changes with StatReloader
/home/marselle/Asorti/RestFramework/MySiteRestApi/restapi/views.py changed, reloading.
Watching for file changes with StatReloader
Not Found: /api/category/name=Anime1/
/home/marselle/Asorti/RestFramework/MySiteRestApi/restapi/views.py changed, reloading.
Watching for file changes with StatReloader
/home/marselle/Asorti/RestFramework/MySiteRestApi/restapi/views.py changed, reloading.
Watching for file changes with StatReloader
/home/marselle/Asorti/RestFramework/MySiteRestApi/restapi/views.py changed, reloading.
Watching for file changes with StatReloader
/home/marselle/Asorti/RestFramework/MySiteRestApi/restapi/views.py changed, reloading.
Watching for file changes with StatReloader
/home/marselle/Asorti/RestFramework/MySiteRestApi/restapi/views.py changed, reloading.
Watching for file changes with StatReloader
/home/marselle/Asorti/RestFramework/MySiteRestApi/restapi/views.py changed, reloading.
Watching for file changes with StatReloader
/home/marselle/Asorti/RestFramework/MySiteRestApi/restapi/views.py changed, reloading.
Watching for file changes with StatReloader
/home/marselle/Asorti/RestFramework/MySiteRestApi/restapi/views.py changed, reloading.
Watching for file changes with StatReloader
/home/marselle/Asorti/RestFramework/MySiteRestApi/restapi/views.py changed, reloading.
Watching for file changes with StatReloader
Internal Server Error: /api/category/
Traceback (most recent call last):
  File "/home/marselle/Asorti/RestFramework/MySiteRestApi/venv/lib/python3.10/site-packages/django/core/handlers/exception.py", line 55, in inner
    response = get_response(request)
  File "/home/marselle/Asorti/RestFramework/MySiteRestApi/venv/lib/python3.10/site-packages/django/core/handlers/base.py", line 197, in _get_response
    response = wrapped_callback(request, *callback_args, **callback_kwargs)
  File "/home/marselle/Asorti/RestFramework/MySiteRestApi/venv/lib/python3.10/site-packages/django/views/decorators/csrf.py", line 56, in wrapper_view
    return view_func(*args, **kwargs)
  File "/home/marselle/Asorti/RestFramework/MySiteRestApi/venv/lib/python3.10/site-packages/rest_framework/viewsets.py", line 125, in view
    return self.dispatch(request, *args, **kwargs)
  File "/home/marselle/Asorti/RestFramework/MySiteRestApi/venv/lib/python3.10/site-packages/rest_framework/views.py", line 509, in dispatch
    response = self.handle_exception(exc)
  File "/home/marselle/Asorti/RestFramework/MySiteRestApi/venv/lib/python3.10/site-packages/rest_framework/views.py", line 469, in handle_exception
    self.raise_uncaught_exception(exc)
  File "/home/marselle/Asorti/RestFramework/MySiteRestApi/venv/lib/python3.10/site-packages/rest_framework/views.py", line 480, in raise_uncaught_exception
    raise exc
  File "/home/marselle/Asorti/RestFramework/MySiteRestApi/venv/lib/python3.10/site-packages/rest_framework/views.py", line 506, in dispatch
    response = handler(request, *args, **kwargs)
  File "/home/marselle/Asorti/RestFramework/MySiteRestApi/venv/lib/python3.10/site-packages/rest_framework/mixins.py", line 38, in list
    queryset = self.filter_queryset(self.get_queryset())
  File "/home/marselle/Asorti/RestFramework/MySiteRestApi/venv/lib/python3.10/site-packages/rest_framework/generics.py", line 150, in filter_queryset
    queryset = backend().filter_queryset(self.request, queryset, self)
  File "/home/marselle/Asorti/RestFramework/MySiteRestApi/venv/lib/python3.10/site-packages/rest_framework/filters.py", line 124, in filter_queryset
    queryset = queryset.filter(reduce(operator.and_, conditions))
  File "/home/marselle/Asorti/RestFramework/MySiteRestApi/venv/lib/python3.10/site-packages/django/db/models/query.py", line 1436, in filter
    return self._filter_or_exclude(False, args, kwargs)
  File "/home/marselle/Asorti/RestFramework/MySiteRestApi/venv/lib/python3.10/site-packages/django/db/models/query.py", line 1454, in _filter_or_exclude
    clone._filter_or_exclude_inplace(negate, args, kwargs)
  File "/home/marselle/Asorti/RestFramework/MySiteRestApi/venv/lib/python3.10/site-packages/django/db/models/query.py", line 1461, in _filter_or_exclude_inplace
    self._query.add_q(Q(*args, **kwargs))
  File "/home/marselle/Asorti/RestFramework/MySiteRestApi/venv/lib/python3.10/site-packages/django/db/models/sql/query.py", line 1534, in add_q
    clause, _ = self._add_q(q_object, self.used_aliases)
  File "/home/marselle/Asorti/RestFramework/MySiteRestApi/venv/lib/python3.10/site-packages/django/db/models/sql/query.py", line 1565, in _add_q
    child_clause, needed_inner = self.build_filter(
  File "/home/marselle/Asorti/RestFramework/MySiteRestApi/venv/lib/python3.10/site-packages/django/db/models/sql/query.py", line 1393, in build_filter
    return self._add_q(
  File "/home/marselle/Asorti/RestFramework/MySiteRestApi/venv/lib/python3.10/site-packages/django/db/models/sql/query.py", line 1565, in _add_q
    child_clause, needed_inner = self.build_filter(
  File "/home/marselle/Asorti/RestFramework/MySiteRestApi/venv/lib/python3.10/site-packages/django/db/models/sql/query.py", line 1415, in build_filter
    lookups, parts, reffed_expression = self.solve_lookup_type(arg, summarize)
  File "/home/marselle/Asorti/RestFramework/MySiteRestApi/venv/lib/python3.10/site-packages/django/db/models/sql/query.py", line 1225, in solve_lookup_type
    _, field, _, lookup_parts = self.names_to_path(lookup_splitted, self.get_meta())
  File "/home/marselle/Asorti/RestFramework/MySiteRestApi/venv/lib/python3.10/site-packages/django/db/models/sql/query.py", line 1713, in names_to_path
    raise FieldError(
django.core.exceptions.FieldError: Cannot resolve keyword 'question_text' into field. Choices are: created_at, id, name, post
/home/marselle/Asorti/RestFramework/MySiteRestApi/restapi/views.py changed, reloading.
Watching for file changes with StatReloader
/home/marselle/Asorti/RestFramework/MySiteRestApi/restapi/views.py changed, reloading.
Watching for file changes with StatReloader
/home/marselle/Asorti/RestFramework/MySiteRestApi/restapi/views.py changed, reloading.
Watching for file changes with StatReloader
/home/marselle/Asorti/RestFramework/MySiteRestApi/restapi/views.py changed, reloading.
Watching for file changes with StatReloader
Internal Server Error: /api/category/
Traceback (most recent call last):
  File "/home/marselle/Asorti/RestFramework/MySiteRestApi/venv/lib/python3.10/site-packages/django/core/handlers/exception.py", line 55, in inner
    response = get_response(request)
  File "/home/marselle/Asorti/RestFramework/MySiteRestApi/venv/lib/python3.10/site-packages/django/core/handlers/base.py", line 197, in _get_response
    response = wrapped_callback(request, *callback_args, **callback_kwargs)
  File "/home/marselle/Asorti/RestFramework/MySiteRestApi/venv/lib/python3.10/site-packages/django/views/decorators/csrf.py", line 56, in wrapper_view
    return view_func(*args, **kwargs)
  File "/home/marselle/Asorti/RestFramework/MySiteRestApi/venv/lib/python3.10/site-packages/rest_framework/viewsets.py", line 125, in view
    return self.dispatch(request, *args, **kwargs)
  File "/home/marselle/Asorti/RestFramework/MySiteRestApi/venv/lib/python3.10/site-packages/rest_framework/views.py", line 509, in dispatch
    response = self.handle_exception(exc)
  File "/home/marselle/Asorti/RestFramework/MySiteRestApi/venv/lib/python3.10/site-packages/rest_framework/views.py", line 469, in handle_exception
    self.raise_uncaught_exception(exc)
  File "/home/marselle/Asorti/RestFramework/MySiteRestApi/venv/lib/python3.10/site-packages/rest_framework/views.py", line 480, in raise_uncaught_exception
    raise exc
  File "/home/marselle/Asorti/RestFramework/MySiteRestApi/venv/lib/python3.10/site-packages/rest_framework/views.py", line 506, in dispatch
    response = handler(request, *args, **kwargs)
  File "/home/marselle/Asorti/RestFramework/MySiteRestApi/venv/lib/python3.10/site-packages/rest_framework/mixins.py", line 38, in list
    queryset = self.filter_queryset(self.get_queryset())
  File "/home/marselle/Asorti/RestFramework/MySiteRestApi/venv/lib/python3.10/site-packages/rest_framework/generics.py", line 150, in filter_queryset
    queryset = backend().filter_queryset(self.request, queryset, self)
  File "/home/marselle/Asorti/RestFramework/MySiteRestApi/venv/lib/python3.10/site-packages/rest_framework/filters.py", line 28, in filter_queryset
    raise NotImplementedError(".filter_queryset() must be overridden.")
NotImplementedError: .filter_queryset() must be overridden.
/home/marselle/Asorti/RestFramework/MySiteRestApi/restapi/views.py changed, reloading.
Watching for file changes with StatReloader
/home/marselle/Asorti/RestFramework/MySiteRestApi/restapi/views.py changed, reloading.
Watching for file changes with StatReloader
/home/marselle/Asorti/RestFramework/MySiteRestApi/restapi/views.py changed, reloading.
Watching for file changes with StatReloader
/home/marselle/Asorti/RestFramework/MySiteRestApi/restapi/views.py changed, reloading.
Watching for file changes with StatReloader
/home/marselle/Asorti/RestFramework/MySiteRestApi/restapi/views.py changed, reloading.
Watching for file changes with StatReloader
/home/marselle/Asorti/RestFramework/MySiteRestApi/restapi/views.py changed, reloading.
Watching for file changes with StatReloader
/home/marselle/Asorti/RestFramework/MySiteRestApi/restapi/views.py changed, reloading.
Watching for file changes with StatReloader
/home/marselle/Asorti/RestFramework/MySiteRestApi/restapi/views.py changed, reloading.
Watching for file changes with StatReloader
/home/marselle/Asorti/RestFramework/MySiteRestApi/restapi/views.py changed, reloading.
Watching for file changes with StatReloader
/home/marselle/Asorti/RestFramework/MySiteRestApi/restapi/views.py changed, reloading.
Watching for file changes with StatReloader
/home/marselle/Asorti/RestFramework/MySiteRestApi/restapi/views.py changed, reloading.
Watching for file changes with StatReloader
/home/marselle/Asorti/RestFramework/MySiteRestApi/restapi/views.py changed, reloading.
Watching for file changes with StatReloader
/home/marselle/Asorti/RestFramework/MySiteRestApi/restapi/views.py changed, reloading.
Watching for file changes with StatReloader
/home/marselle/Asorti/RestFramework/MySiteRestApi/restapi/views.py changed, reloading.
Watching for file changes with StatReloader
/home/marselle/Asorti/RestFramework/MySiteRestApi/restapi/views.py changed, reloading.
Watching for file changes with StatReloader
/home/marselle/Asorti/RestFramework/MySiteRestApi/restapi/views.py changed, reloading.
Watching for file changes with StatReloader
/home/marselle/Asorti/RestFramework/MySiteRestApi/restapi/views.py changed, reloading.
Watching for file changes with StatReloader
/home/marselle/Asorti/RestFramework/MySiteRestApi/restapi/views.py changed, reloading.
Watching for file changes with StatReloader
/home/marselle/Asorti/RestFramework/MySiteRestApi/restapi/views.py changed, reloading.
Watching for file changes with StatReloader
/home/marselle/Asorti/RestFramework/MySiteRestApi/restapi/views.py changed, reloading.
Watching for file changes with StatReloader
Watching for file changes with StatReloader
Обработка представления "Index"
Not Found: /favicon.ico
/home/marselle/Asorti/RestFramework/MySiteRestApi/main/views.py changed, reloading.
Watching for file changes with StatReloader
/home/marselle/Asorti/RestFramework/MySiteRestApi/main/views.py changed, reloading.
Watching for file changes with StatReloader
/home/marselle/Asorti/RestFramework/MySiteRestApi/main/views.py changed, reloading.
Watching for file changes with StatReloader
Обработка представления "SignInUserView"
Обработка представления "SignInUserView"
Обработка представления "Index"
Обработка представления "generate_qr"
/home/marselle/Asorti/RestFramework/MySiteRestApi/main/views.py changed, reloading.
Watching for file changes with StatReloader
Обработка представления "generate_qr"
Watching for file changes with StatReloader
Обработка представления "UserProfileView"
Обработка представления "UserProfileView"
Обработка представления "generate_qr"
Обработка представления "Index"
/home/marselle/Asorti/RestFramework/MySiteRestApi/main/views.py changed, reloading.
Watching for file changes with StatReloader
Обработка представления "generate_qr"
/home/marselle/Asorti/RestFramework/MySiteRestApi/main/views.py changed, reloading.
Watching for file changes with StatReloader
Обработка представления "generate_qr"
Watching for file changes with StatReloader
Watching for file changes with StatReloader
Обработка представления "Index"
Not Found: /accounts
Not Found: /favicon.ico
/home/marselle/Asorti/RestFramework/MySiteRestApi/MySiteRestApi/settings.py changed, reloading.
Watching for file changes with StatReloader
Watching for file changes with StatReloader
/home/marselle/Asorti/RestFramework/MySiteRestApi/main/urls.py changed, reloading.
Watching for file changes with StatReloader
Обработка представления "Index"
Обработка представления "Index"
Обработка представления "Index"
Not Found: /weather/almaty
Not Found: /favicon.ico
/home/marselle/Asorti/RestFramework/MySiteRestApi/main/views.py changed, reloading.
Watching for file changes with StatReloader
/home/marselle/Asorti/RestFramework/MySiteRestApi/main/views.py changed, reloading.
Watching for file changes with StatReloader
Not Found: /weather/almaty
/home/marselle/Asorti/RestFramework/MySiteRestApi/main/urls.py changed, reloading.
Watching for file changes with StatReloader
Обработка представления "Index"
/home/marselle/Asorti/RestFramework/MySiteRestApi/main/views.py changed, reloading.
Watching for file changes with StatReloader
Обработка представления "Index"
Обработка представления "Index"
Обработка представления "Index"
Обработка представления "Index"
Обработка представления "Index"
Обработка представления "Index"
Обработка представления "Index"
Обработка представления "Index"
Обработка представления "Index"
Обработка представления "Index"
Обработка представления "Index"
Обработка представления "Index"
Обработка представления "Index"
Обработка представления "Index"
Обработка представления "Index"
Обработка представления "Index"
Обработка представления "generate_qr"
Обработка представления "Index"
Обработка представления "Index"
Обработка представления "Index"
Обработка представления "Index"
Обработка представления "Index"
Обработка представления "UserProfileView"
Обработка представления "UserProfileView"
Обработка представления "Index"
Обработка представления "Index"
Обработка представления "UserProfileView"
Обработка представления "Index"
Обработка представления "Index"
/home/marselle/Asorti/RestFramework/MySiteRestApi/main/views.py changed, reloading.
Watching for file changes with StatReloader
/home/marselle/Asorti/RestFramework/MySiteRestApi/main/views.py changed, reloading.
Watching for file changes with StatReloader
/home/marselle/Asorti/RestFramework/MySiteRestApi/main/views.py changed, reloading.
Watching for file changes with StatReloader
Обработка представления "Index"
Обработка представления "SignInUserView"
Обработка представления "SignInUserView"
/home/marselle/Asorti/RestFramework/MySiteRestApi/main/views.py changed, reloading.
Watching for file changes with StatReloader
Обработка представления "SignInUserView"
Обработка представления "Index"
/home/marselle/Asorti/RestFramework/MySiteRestApi/main/views.py changed, reloading.
Watching for file changes with StatReloader
/home/marselle/Asorti/RestFramework/MySiteRestApi/main/views.py changed, reloading.
Watching for file changes with StatReloader
/home/marselle/Asorti/RestFramework/MySiteRestApi/main/views.py changed, reloading.
Watching for file changes with StatReloader
Обработка представления "Index"
Обработка представления "Index"
Internal Server Error: /swagger/
Traceback (most recent call last):
  File "/home/marselle/Asorti/RestFramework/MySiteRestApi/venv/lib/python3.10/site-packages/django/core/handlers/exception.py", line 55, in inner
    response = get_response(request)
  File "/home/marselle/Asorti/RestFramework/MySiteRestApi/venv/lib/python3.10/site-packages/django/core/handlers/base.py", line 197, in _get_response
    response = wrapped_callback(request, *callback_args, **callback_kwargs)
  File "/home/marselle/Asorti/RestFramework/MySiteRestApi/venv/lib/python3.10/site-packages/django/views/decorators/csrf.py", line 56, in wrapper_view
    return view_func(*args, **kwargs)
  File "/home/marselle/Asorti/RestFramework/MySiteRestApi/venv/lib/python3.10/site-packages/django/views/generic/base.py", line 104, in view
    return self.dispatch(request, *args, **kwargs)
  File "/home/marselle/Asorti/RestFramework/MySiteRestApi/venv/lib/python3.10/site-packages/rest_framework/views.py", line 509, in dispatch
    response = self.handle_exception(exc)
  File "/home/marselle/Asorti/RestFramework/MySiteRestApi/venv/lib/python3.10/site-packages/rest_framework/views.py", line 469, in handle_exception
    self.raise_uncaught_exception(exc)
  File "/home/marselle/Asorti/RestFramework/MySiteRestApi/venv/lib/python3.10/site-packages/rest_framework/views.py", line 480, in raise_uncaught_exception
    raise exc
  File "/home/marselle/Asorti/RestFramework/MySiteRestApi/venv/lib/python3.10/site-packages/rest_framework/views.py", line 506, in dispatch
    response = handler(request, *args, **kwargs)
  File "/home/marselle/Asorti/RestFramework/MySiteRestApi/venv/lib/python3.10/site-packages/drf_yasg/views.py", line 94, in get
    schema = generator.get_schema(request, self.public)
  File "/home/marselle/Asorti/RestFramework/MySiteRestApi/venv/lib/python3.10/site-packages/drf_yasg/generators.py", line 276, in get_schema
    paths, prefix = self.get_paths(endpoints, components, request, public)
  File "/home/marselle/Asorti/RestFramework/MySiteRestApi/venv/lib/python3.10/site-packages/drf_yasg/generators.py", line 482, in get_paths
    operation = self.get_operation(view, path, prefix, method, components, request)
  File "/home/marselle/Asorti/RestFramework/MySiteRestApi/venv/lib/python3.10/site-packages/drf_yasg/generators.py", line 524, in get_operation
    operation = view_inspector.get_operation(operation_keys)
  File "/home/marselle/Asorti/RestFramework/MySiteRestApi/venv/lib/python3.10/site-packages/drf_yasg/inspectors/view.py", line 33, in get_operation
    query = self.get_query_parameters()
  File "/home/marselle/Asorti/RestFramework/MySiteRestApi/venv/lib/python3.10/site-packages/drf_yasg/inspectors/view.py", line 293, in get_query_parameters
    natural_parameters = self.get_filter_parameters() + self.get_pagination_parameters()
  File "/home/marselle/Asorti/RestFramework/MySiteRestApi/venv/lib/python3.10/site-packages/drf_yasg/inspectors/base.py", line 409, in get_filter_parameters
    fields += self.probe_inspectors(self.filter_inspectors, 'get_filter_parameters', filter_backend()) or []
  File "/home/marselle/Asorti/RestFramework/MySiteRestApi/venv/lib/python3.10/site-packages/drf_yasg/inspectors/base.py", line 110, in probe_inspectors
    result = method(obj, **kwargs)
  File "/home/marselle/Asorti/RestFramework/MySiteRestApi/venv/lib/python3.10/site-packages/drf_yasg/inspectors/query.py", line 29, in get_filter_parameters
    fields = filter_backend.get_schema_fields(self.view)
  File "/home/marselle/Asorti/RestFramework/MySiteRestApi/venv/lib/python3.10/site-packages/rest_framework/filters.py", line 148, in get_schema_fields
    assert coreapi is not None, 'coreapi must be installed to use `get_schema_fields()`'
AssertionError: coreapi must be installed to use `get_schema_fields()`
Watching for file changes with StatReloader
Обработка представления "Index"
Обработка представления "UserProfileView"
Обработка представления "Index"
Обработка представления "UserProfileView"
Обработка представления "UserEditProfileView"
Обработка представления "UserProfileView"
Обработка представления "Index"
Watching for file changes with StatReloader
Watching for file changes with StatReloader
Watching for file changes with StatReloader
Обработка представления "Index"
Обработка представления "SignInUserView"
Обработка представления "SignInUserView"
Watching for file changes with StatReloader
Обработка представления "SignInUserView"
Обработка представления "Index"
Not Found: /favicon.ico
Обработка представления "UserProfileView"
Обработка представления "Add_Post"
Обработка представления "Добавить категорию"
Обработка представления "Index"
Обработка представления "AnimeView"
/home/allabergen/lessons/Download_Project/MySiteRestApi/main/models.py changed, reloading.
Watching for file changes with StatReloader
/home/allabergen/lessons/Download_Project/MySiteRestApi/main/models.py changed, reloading.
Watching for file changes with StatReloader
Watching for file changes with StatReloader
Обработка представления "Index"
Not Found: /signup/
Обработка представления "SignInUserView"
Обработка представления "Index"
Обработка представления "SignInUserView"
Обработка представления "SignInUserView"
Обработка представления "Index"
Обработка представления "UserProfileView"
Обработка представления "UserEditProfileView"
Обработка представления "UserEditProfileView"
Обработка представления "UserProfileView"
Internal Server Error: /profile/transaction
Traceback (most recent call last):
  File "/home/allabergen/lessons/Download_Project/MySiteRestApi/venv/lib/python3.10/site-packages/django/core/handlers/exception.py", line 55, in inner
    response = get_response(request)
  File "/home/allabergen/lessons/Download_Project/MySiteRestApi/venv/lib/python3.10/site-packages/django/core/handlers/base.py", line 197, in _get_response
    response = wrapped_callback(request, *callback_args, **callback_kwargs)
  File "/home/allabergen/lessons/Download_Project/MySiteRestApi/main/views.py", line 299, in TransactionView
    return render(request, "Transaction/transaction.html", {'form': form})
  File "/home/allabergen/lessons/Download_Project/MySiteRestApi/venv/lib/python3.10/site-packages/django/shortcuts.py", line 24, in render
    content = loader.render_to_string(template_name, context, request, using=using)
  File "/home/allabergen/lessons/Download_Project/MySiteRestApi/venv/lib/python3.10/site-packages/django/template/loader.py", line 62, in render_to_string
    return template.render(context, request)
  File "/home/allabergen/lessons/Download_Project/MySiteRestApi/venv/lib/python3.10/site-packages/django/template/backends/django.py", line 61, in render
    return self.template.render(context)
  File "/home/allabergen/lessons/Download_Project/MySiteRestApi/venv/lib/python3.10/site-packages/django/template/base.py", line 175, in render
    return self._render(context)
  File "/home/allabergen/lessons/Download_Project/MySiteRestApi/venv/lib/python3.10/site-packages/django/template/base.py", line 167, in _render
    return self.nodelist.render(context)
  File "/home/allabergen/lessons/Download_Project/MySiteRestApi/venv/lib/python3.10/site-packages/django/template/base.py", line 1005, in render
    return SafeString("".join([node.render_annotated(context) for node in self]))
  File "/home/allabergen/lessons/Download_Project/MySiteRestApi/venv/lib/python3.10/site-packages/django/template/base.py", line 1005, in <listcomp>
    return SafeString("".join([node.render_annotated(context) for node in self]))
  File "/home/allabergen/lessons/Download_Project/MySiteRestApi/venv/lib/python3.10/site-packages/django/template/base.py", line 966, in render_annotated
    return self.render(context)
  File "/home/allabergen/lessons/Download_Project/MySiteRestApi/venv/lib/python3.10/site-packages/django/template/loader_tags.py", line 157, in render
    return compiled_parent._render(context)
  File "/home/allabergen/lessons/Download_Project/MySiteRestApi/venv/lib/python3.10/site-packages/django/template/base.py", line 167, in _render
    return self.nodelist.render(context)
  File "/home/allabergen/lessons/Download_Project/MySiteRestApi/venv/lib/python3.10/site-packages/django/template/base.py", line 1005, in render
    return SafeString("".join([node.render_annotated(context) for node in self]))
  File "/home/allabergen/lessons/Download_Project/MySiteRestApi/venv/lib/python3.10/site-packages/django/template/base.py", line 1005, in <listcomp>
    return SafeString("".join([node.render_annotated(context) for node in self]))
  File "/home/allabergen/lessons/Download_Project/MySiteRestApi/venv/lib/python3.10/site-packages/django/template/base.py", line 966, in render_annotated
    return self.render(context)
  File "/home/allabergen/lessons/Download_Project/MySiteRestApi/venv/lib/python3.10/site-packages/django/template/loader_tags.py", line 63, in render
    result = block.nodelist.render(context)
  File "/home/allabergen/lessons/Download_Project/MySiteRestApi/venv/lib/python3.10/site-packages/django/template/base.py", line 1005, in render
    return SafeString("".join([node.render_annotated(context) for node in self]))
  File "/home/allabergen/lessons/Download_Project/MySiteRestApi/venv/lib/python3.10/site-packages/django/template/base.py", line 1005, in <listcomp>
    return SafeString("".join([node.render_annotated(context) for node in self]))
  File "/home/allabergen/lessons/Download_Project/MySiteRestApi/venv/lib/python3.10/site-packages/django/template/base.py", line 966, in render_annotated
    return self.render(context)
  File "/home/allabergen/lessons/Download_Project/MySiteRestApi/venv/lib/python3.10/site-packages/django/template/defaulttags.py", line 321, in render
    return nodelist.render(context)
  File "/home/allabergen/lessons/Download_Project/MySiteRestApi/venv/lib/python3.10/site-packages/django/template/base.py", line 1005, in render
    return SafeString("".join([node.render_annotated(context) for node in self]))
  File "/home/allabergen/lessons/Download_Project/MySiteRestApi/venv/lib/python3.10/site-packages/django/template/base.py", line 1005, in <listcomp>
    return SafeString("".join([node.render_annotated(context) for node in self]))
  File "/home/allabergen/lessons/Download_Project/MySiteRestApi/venv/lib/python3.10/site-packages/django/template/base.py", line 966, in render_annotated
    return self.render(context)
  File "/home/allabergen/lessons/Download_Project/MySiteRestApi/venv/lib/python3.10/site-packages/django/template/base.py", line 1070, in render
    return render_value_in_context(output, context)
  File "/home/allabergen/lessons/Download_Project/MySiteRestApi/venv/lib/python3.10/site-packages/django/template/base.py", line 1047, in render_value_in_context
    value = str(value)
  File "/home/allabergen/lessons/Download_Project/MySiteRestApi/venv/lib/python3.10/site-packages/django/utils/html.py", line 420, in <lambda>
    klass.__str__ = lambda self: mark_safe(klass_str(self))
  File "/home/allabergen/lessons/Download_Project/MySiteRestApi/venv/lib/python3.10/site-packages/django/forms/boundfield.py", line 34, in __str__
    return self.as_widget()
  File "/home/allabergen/lessons/Download_Project/MySiteRestApi/venv/lib/python3.10/site-packages/django/forms/boundfield.py", line 107, in as_widget
    return widget.render(
  File "/home/allabergen/lessons/Download_Project/MySiteRestApi/venv/lib/python3.10/site-packages/django/forms/widgets.py", line 280, in render
    context = self.get_context(name, value, attrs)
  File "/home/allabergen/lessons/Download_Project/MySiteRestApi/venv/lib/python3.10/site-packages/django/forms/widgets.py", line 758, in get_context
    context = super().get_context(name, value, attrs)
  File "/home/allabergen/lessons/Download_Project/MySiteRestApi/venv/lib/python3.10/site-packages/django/forms/widgets.py", line 717, in get_context
    context["widget"]["optgroups"] = self.optgroups(
  File "/home/allabergen/lessons/Download_Project/MySiteRestApi/venv/lib/python3.10/site-packages/django/forms/widgets.py", line 657, in optgroups
    for index, (option_value, option_label) in enumerate(self.choices):
  File "/home/allabergen/lessons/Download_Project/MySiteRestApi/venv/lib/python3.10/site-packages/django/forms/models.py", line 1404, in __iter__
    yield self.choice(obj)
  File "/home/allabergen/lessons/Download_Project/MySiteRestApi/venv/lib/python3.10/site-packages/django/forms/models.py", line 1418, in choice
    self.field.label_from_instance(obj),
  File "/home/allabergen/lessons/Download_Project/MySiteRestApi/venv/lib/python3.10/site-packages/django/forms/models.py", line 1504, in label_from_instance
    return str(obj)
  File "/home/allabergen/lessons/Download_Project/MySiteRestApi/main/models.py", line 137, in __str__
    return f"{self.user.first_name.title()} {self.user.first_name.title()[0]}."
IndexError: string index out of range
Обработка представления "UserProfileView"
Internal Server Error: /profile/transaction
Traceback (most recent call last):
  File "/home/allabergen/lessons/Download_Project/MySiteRestApi/venv/lib/python3.10/site-packages/django/core/handlers/exception.py", line 55, in inner
    response = get_response(request)
  File "/home/allabergen/lessons/Download_Project/MySiteRestApi/venv/lib/python3.10/site-packages/django/core/handlers/base.py", line 197, in _get_response
    response = wrapped_callback(request, *callback_args, **callback_kwargs)
  File "/home/allabergen/lessons/Download_Project/MySiteRestApi/main/views.py", line 299, in TransactionView
    return render(request, "Transaction/transaction.html", {'form': form})
  File "/home/allabergen/lessons/Download_Project/MySiteRestApi/venv/lib/python3.10/site-packages/django/shortcuts.py", line 24, in render
    content = loader.render_to_string(template_name, context, request, using=using)
  File "/home/allabergen/lessons/Download_Project/MySiteRestApi/venv/lib/python3.10/site-packages/django/template/loader.py", line 62, in render_to_string
    return template.render(context, request)
  File "/home/allabergen/lessons/Download_Project/MySiteRestApi/venv/lib/python3.10/site-packages/django/template/backends/django.py", line 61, in render
    return self.template.render(context)
  File "/home/allabergen/lessons/Download_Project/MySiteRestApi/venv/lib/python3.10/site-packages/django/template/base.py", line 175, in render
    return self._render(context)
  File "/home/allabergen/lessons/Download_Project/MySiteRestApi/venv/lib/python3.10/site-packages/django/template/base.py", line 167, in _render
    return self.nodelist.render(context)
  File "/home/allabergen/lessons/Download_Project/MySiteRestApi/venv/lib/python3.10/site-packages/django/template/base.py", line 1005, in render
    return SafeString("".join([node.render_annotated(context) for node in self]))
  File "/home/allabergen/lessons/Download_Project/MySiteRestApi/venv/lib/python3.10/site-packages/django/template/base.py", line 1005, in <listcomp>
    return SafeString("".join([node.render_annotated(context) for node in self]))
  File "/home/allabergen/lessons/Download_Project/MySiteRestApi/venv/lib/python3.10/site-packages/django/template/base.py", line 966, in render_annotated
    return self.render(context)
  File "/home/allabergen/lessons/Download_Project/MySiteRestApi/venv/lib/python3.10/site-packages/django/template/loader_tags.py", line 157, in render
    return compiled_parent._render(context)
  File "/home/allabergen/lessons/Download_Project/MySiteRestApi/venv/lib/python3.10/site-packages/django/template/base.py", line 167, in _render
    return self.nodelist.render(context)
  File "/home/allabergen/lessons/Download_Project/MySiteRestApi/venv/lib/python3.10/site-packages/django/template/base.py", line 1005, in render
    return SafeString("".join([node.render_annotated(context) for node in self]))
  File "/home/allabergen/lessons/Download_Project/MySiteRestApi/venv/lib/python3.10/site-packages/django/template/base.py", line 1005, in <listcomp>
    return SafeString("".join([node.render_annotated(context) for node in self]))
  File "/home/allabergen/lessons/Download_Project/MySiteRestApi/venv/lib/python3.10/site-packages/django/template/base.py", line 966, in render_annotated
    return self.render(context)
  File "/home/allabergen/lessons/Download_Project/MySiteRestApi/venv/lib/python3.10/site-packages/django/template/loader_tags.py", line 63, in render
    result = block.nodelist.render(context)
  File "/home/allabergen/lessons/Download_Project/MySiteRestApi/venv/lib/python3.10/site-packages/django/template/base.py", line 1005, in render
    return SafeString("".join([node.render_annotated(context) for node in self]))
  File "/home/allabergen/lessons/Download_Project/MySiteRestApi/venv/lib/python3.10/site-packages/django/template/base.py", line 1005, in <listcomp>
    return SafeString("".join([node.render_annotated(context) for node in self]))
  File "/home/allabergen/lessons/Download_Project/MySiteRestApi/venv/lib/python3.10/site-packages/django/template/base.py", line 966, in render_annotated
    return self.render(context)
  File "/home/allabergen/lessons/Download_Project/MySiteRestApi/venv/lib/python3.10/site-packages/django/template/defaulttags.py", line 321, in render
    return nodelist.render(context)
  File "/home/allabergen/lessons/Download_Project/MySiteRestApi/venv/lib/python3.10/site-packages/django/template/base.py", line 1005, in render
    return SafeString("".join([node.render_annotated(context) for node in self]))
  File "/home/allabergen/lessons/Download_Project/MySiteRestApi/venv/lib/python3.10/site-packages/django/template/base.py", line 1005, in <listcomp>
    return SafeString("".join([node.render_annotated(context) for node in self]))
  File "/home/allabergen/lessons/Download_Project/MySiteRestApi/venv/lib/python3.10/site-packages/django/template/base.py", line 966, in render_annotated
    return self.render(context)
  File "/home/allabergen/lessons/Download_Project/MySiteRestApi/venv/lib/python3.10/site-packages/django/template/base.py", line 1070, in render
    return render_value_in_context(output, context)
  File "/home/allabergen/lessons/Download_Project/MySiteRestApi/venv/lib/python3.10/site-packages/django/template/base.py", line 1047, in render_value_in_context
    value = str(value)
  File "/home/allabergen/lessons/Download_Project/MySiteRestApi/venv/lib/python3.10/site-packages/django/utils/html.py", line 420, in <lambda>
    klass.__str__ = lambda self: mark_safe(klass_str(self))
  File "/home/allabergen/lessons/Download_Project/MySiteRestApi/venv/lib/python3.10/site-packages/django/forms/boundfield.py", line 34, in __str__
    return self.as_widget()
  File "/home/allabergen/lessons/Download_Project/MySiteRestApi/venv/lib/python3.10/site-packages/django/forms/boundfield.py", line 107, in as_widget
    return widget.render(
  File "/home/allabergen/lessons/Download_Project/MySiteRestApi/venv/lib/python3.10/site-packages/django/forms/widgets.py", line 280, in render
    context = self.get_context(name, value, attrs)
  File "/home/allabergen/lessons/Download_Project/MySiteRestApi/venv/lib/python3.10/site-packages/django/forms/widgets.py", line 758, in get_context
    context = super().get_context(name, value, attrs)
  File "/home/allabergen/lessons/Download_Project/MySiteRestApi/venv/lib/python3.10/site-packages/django/forms/widgets.py", line 717, in get_context
    context["widget"]["optgroups"] = self.optgroups(
  File "/home/allabergen/lessons/Download_Project/MySiteRestApi/venv/lib/python3.10/site-packages/django/forms/widgets.py", line 657, in optgroups
    for index, (option_value, option_label) in enumerate(self.choices):
  File "/home/allabergen/lessons/Download_Project/MySiteRestApi/venv/lib/python3.10/site-packages/django/forms/models.py", line 1404, in __iter__
    yield self.choice(obj)
  File "/home/allabergen/lessons/Download_Project/MySiteRestApi/venv/lib/python3.10/site-packages/django/forms/models.py", line 1418, in choice
    self.field.label_from_instance(obj),
  File "/home/allabergen/lessons/Download_Project/MySiteRestApi/venv/lib/python3.10/site-packages/django/forms/models.py", line 1504, in label_from_instance
    return str(obj)
  File "/home/allabergen/lessons/Download_Project/MySiteRestApi/main/models.py", line 137, in __str__
    return f"{self.user.first_name.title()} {self.user.first_name.title()[0]}."
IndexError: string index out of range
